<?xml version="1.0" encoding="UTF-8" standalone="yes"?>
<testsuites>
    <testsuite package="MFT.MFTOnCloud" id="90971" name="Before_Suite" timestamp="2024-07-11T19:52:30" hostname="dcmfttest01" tests="1" failures="0" skipped="0" errors="0" time="0">
        <properties/>
        <system-out></system-out>
        <system-err></system-err>
    </testsuite>
    <testsuite package="MFT.02_STAGE" id="93980" name="Before_Every_Suite" timestamp="2024-07-11T19:52:30" hostname="dcmfttest01" tests="1" failures="0" skipped="0" errors="0" time="0">
        <properties/>
        <system-out></system-out>
        <system-err></system-err>
    </testsuite>
    <testsuite package="MFT.ServerTest.FTPS" id="94214" name="DefaultVFS" timestamp="2024-07-11T19:52:30" hostname="dcmfttest01" tests="16" failures="8" skipped="0" errors="0" time="1116">
        <properties/>
        <testcase name="createUser" classname="MFT.ServerTest.FTPS.DefaultVFS" time="158"/>
        <testcase name="createPPAction_Upload" classname="MFT.ServerTest.FTPS.DefaultVFS" time="71"/>
        <testcase name="uploadFile" classname="MFT.ServerTest.FTPS.DefaultVFS" time="0">
            <failure message="Execution of CNL steps failed, Check CNL logs for root cause." type="Test failure"/>
        </testcase>
        <testcase name="VerifyUploadTransactionLog" classname="MFT.ServerTest.FTPS.DefaultVFS" time="110">
            <failure message="Execution of CNL steps failed, Check CNL logs for root cause." type="Test failure"/>
        </testcase>
        <testcase name="verifyUploadActionLogs" classname="MFT.ServerTest.FTPS.DefaultVFS" time="61">
            <failure message="Execution of CNL steps failed, Check CNL logs for root cause." type="Test failure"/>
        </testcase>
        <testcase name="DeletePPAction_Upload" classname="MFT.ServerTest.FTPS.DefaultVFS" time="69"/>
        <testcase name="createPPAction_Download" classname="MFT.ServerTest.FTPS.DefaultVFS" time="71"/>
        <testcase name="downloadFIle" classname="MFT.ServerTest.FTPS.DefaultVFS" time="0">
            <failure message="Execution of CNL steps failed, Check CNL logs for root cause." type="Test failure"/>
        </testcase>
        <testcase name="VerifyDownloadTransactionLog" classname="MFT.ServerTest.FTPS.DefaultVFS" time="108">
            <failure message="Execution of CNL steps failed, Check CNL logs for root cause." type="Test failure"/>
        </testcase>
        <testcase name="verifyDownloadActionLogs" classname="MFT.ServerTest.FTPS.DefaultVFS" time="60">
            <failure message="Execution of CNL steps failed, Check CNL logs for root cause." type="Test failure"/>
        </testcase>
        <testcase name="DeletePPAction_Download" classname="MFT.ServerTest.FTPS.DefaultVFS" time="69"/>
        <testcase name="createPPAction_Delete" classname="MFT.ServerTest.FTPS.DefaultVFS" time="70"/>
        <testcase name="deleteFile" classname="MFT.ServerTest.FTPS.DefaultVFS" time="0">
            <failure message="Execution of CNL steps failed, Check CNL logs for root cause." type="Test failure"/>
        </testcase>
        <testcase name="verifyDeleteActionLogs" classname="MFT.ServerTest.FTPS.DefaultVFS" time="137">
            <failure message="Execution of CNL steps failed, Check CNL logs for root cause." type="Test failure"/>
        </testcase>
        <testcase name="DeletePPAction_Delete" classname="MFT.ServerTest.FTPS.DefaultVFS" time="69"/>
        <testcase name="deleteUser" classname="MFT.ServerTest.FTPS.DefaultVFS" time="57"/>
        <system-out></system-out>
        <system-err></system-err>
    </testsuite>
    <testsuite package="MFT.ServerTest.HTTPS" id="94249" name="DefaultVFS" timestamp="2024-07-11T19:52:30" hostname="dcmfttest01" tests="16" failures="12" skipped="2" errors="0" time="1910">
        <properties/>
        <testcase name="createUser" classname="MFT.ServerTest.HTTPS.DefaultVFS" time="126"/>
        <testcase name="createPPAction_Upload" classname="MFT.ServerTest.HTTPS.DefaultVFS" time="73"/>
        <testcase name="uploadFile" classname="MFT.ServerTest.HTTPS.DefaultVFS" time="314">
            <failure message="Execution of CNL steps failed, Check CNL logs for root cause." type="Test failure"/>
        </testcase>
        <testcase name="VerifyUploadTransactionLog" classname="MFT.ServerTest.HTTPS.DefaultVFS" time="55">
            <failure message="Execution of CNL steps failed, Check CNL logs for root cause." type="Test failure"/>
        </testcase>
        <testcase name="verifyUploadActionLogs" classname="MFT.ServerTest.HTTPS.DefaultVFS" time="52">
            <failure message="Execution of CNL steps failed, Check CNL logs for root cause." type="Test failure"/>
        </testcase>
        <testcase name="DeletePPAction_Upload" classname="MFT.ServerTest.HTTPS.DefaultVFS" time="214">
            <failure message="Execution of CNL steps failed, Check CNL logs for root cause." type="Test failure"/>
        </testcase>
        <testcase name="createPPAction_Download" classname="MFT.ServerTest.HTTPS.DefaultVFS" time="108">
            <failure message="Execution of CNL steps failed, Check CNL logs for root cause." type="Test failure"/>
        </testcase>
        <testcase name="downloadFIle" classname="MFT.ServerTest.HTTPS.DefaultVFS" time="313">
            <failure message="Execution of CNL steps failed, Check CNL logs for root cause." type="Test failure"/>
        </testcase>
        <testcase name="VerifyDownloadTransactionLog" classname="MFT.ServerTest.HTTPS.DefaultVFS" time="55">
            <failure message="Execution of CNL steps failed, Check CNL logs for root cause." type="Test failure"/>
        </testcase>
        <testcase name="verifyDownloadActionLogs" classname="MFT.ServerTest.HTTPS.DefaultVFS" time="52">
            <failure message="Execution of CNL steps failed, Check CNL logs for root cause." type="Test failure"/>
        </testcase>
        <testcase name="DeletePPAction_Download" classname="MFT.ServerTest.HTTPS.DefaultVFS" time="0">
            <skipped/>
        </testcase>
        <testcase name="createPPAction_Delete" classname="MFT.ServerTest.HTTPS.DefaultVFS" time="107">
            <failure message="Execution of CNL steps failed, Check CNL logs for root cause." type="Test failure"/>
        </testcase>
        <testcase name="deleteFile" classname="MFT.ServerTest.HTTPS.DefaultVFS" time="313">
            <failure message="Execution of CNL steps failed, Check CNL logs for root cause." type="Test failure"/>
        </testcase>
        <testcase name="verifyDeleteActionLogs" classname="MFT.ServerTest.HTTPS.DefaultVFS" time="55">
            <failure message="Execution of CNL steps failed, Check CNL logs for root cause." type="Test failure"/>
        </testcase>
        <testcase name="DeletePPAction_Delete" classname="MFT.ServerTest.HTTPS.DefaultVFS" time="0">
            <skipped/>
        </testcase>
        <testcase name="deleteUser" classname="MFT.ServerTest.HTTPS.DefaultVFS" time="67">
            <failure message="Execution of CNL steps failed, Check CNL logs for root cause." type="Test failure"/>
        </testcase>
        <system-out></system-out>
        <system-err></system-err>
    </testsuite>
    <testsuite package="MFT.ServerTest.SFTP" id="94250" name="DefaultVFS" timestamp="2024-07-11T19:52:31" hostname="dcmfttest01" tests="16" failures="8" skipped="0" errors="0" time="1102">
        <properties/>
        <testcase name="createUser" classname="MFT.ServerTest.SFTP.DefaultVFS" time="132"/>
        <testcase name="createPPAction_Upload" classname="MFT.ServerTest.SFTP.DefaultVFS" time="92"/>
        <testcase name="uploadFile" classname="MFT.ServerTest.SFTP.DefaultVFS" time="0">
            <failure message="Execution of CNL steps failed, Check CNL logs for root cause." type="Test failure"/>
        </testcase>
        <testcase name="VerifyUploadTransactionLog" classname="MFT.ServerTest.SFTP.DefaultVFS" time="102">
            <failure message="Execution of CNL steps failed, Check CNL logs for root cause." type="Test failure"/>
        </testcase>
        <testcase name="verifyUploadActionLogs" classname="MFT.ServerTest.SFTP.DefaultVFS" time="59">
            <failure message="Execution of CNL steps failed, Check CNL logs for root cause." type="Test failure"/>
        </testcase>
        <testcase name="DeletePPAction_Upload" classname="MFT.ServerTest.SFTP.DefaultVFS" time="72"/>
        <testcase name="createPPAction_Download" classname="MFT.ServerTest.SFTP.DefaultVFS" time="73"/>
        <testcase name="downloadFIle" classname="MFT.ServerTest.SFTP.DefaultVFS" time="0">
            <failure message="Execution of CNL steps failed, Check CNL logs for root cause." type="Test failure"/>
        </testcase>
        <testcase name="VerifyDownloadTransactionLog" classname="MFT.ServerTest.SFTP.DefaultVFS" time="103">
            <failure message="Execution of CNL steps failed, Check CNL logs for root cause." type="Test failure"/>
        </testcase>
        <testcase name="verifyDownloadActionLogs" classname="MFT.ServerTest.SFTP.DefaultVFS" time="60">
            <failure message="Execution of CNL steps failed, Check CNL logs for root cause." type="Test failure"/>
        </testcase>
        <testcase name="DeletePPAction_Download" classname="MFT.ServerTest.SFTP.DefaultVFS" time="69"/>
        <testcase name="createPPAction_Delete" classname="MFT.ServerTest.SFTP.DefaultVFS" time="69"/>
        <testcase name="deleteFile" classname="MFT.ServerTest.SFTP.DefaultVFS" time="0">
            <failure message="Execution of CNL steps failed, Check CNL logs for root cause." type="Test failure"/>
        </testcase>
        <testcase name="verifyDeleteActionLogs" classname="MFT.ServerTest.SFTP.DefaultVFS" time="135">
            <failure message="Execution of CNL steps failed, Check CNL logs for root cause." type="Test failure"/>
        </testcase>
        <testcase name="DeletePPAction_Delete" classname="MFT.ServerTest.SFTP.DefaultVFS" time="69"/>
        <testcase name="deleteUser" classname="MFT.ServerTest.SFTP.DefaultVFS" time="61"/>
        <system-out></system-out>
        <system-err></system-err>
    </testsuite>
    <testsuite package="MFT.02_STAGE" id="93980" name="After_Every_Suite" timestamp="2024-07-11T19:52:31" hostname="dcmfttest01" tests="1" failures="0" skipped="0" errors="0" time="0">
        <properties/>
        <system-out></system-out>
        <system-err></system-err>
    </testsuite>
    <testsuite package="MFT.MFTOnCloud" id="90971" name="After_Suite" timestamp="2024-07-11T19:52:31" hostname="dcmfttest01" tests="1" failures="0" skipped="0" errors="0" time="0">
        <properties/>
        <system-out></system-out>
        <system-err></system-err>
    </testsuite>
</testsuites>
