<?xml version="1.0" encoding="UTF-8" standalone="yes"?>
<testsuites>
    <testsuite package="MFT.MFTOnCloud" id="90971" name="Before_Suite" timestamp="2024-07-10T18:09:08" hostname="dcmfttest01" tests="1" failures="0" skipped="0" errors="0" time="0">
        <properties/>
        <system-out></system-out>
        <system-err></system-err>
    </testsuite>
    <testsuite package="MFT.CLE_Test" id="93030" name="Before_Every_Suite" timestamp="2024-07-10T18:09:08" hostname="dcmfttest01" tests="1" failures="0" skipped="0" errors="0" time="0">
        <properties/>
        <system-out></system-out>
        <system-err></system-err>
    </testsuite>
    <testsuite package="MFT" id="93031" name="CRUDTest" timestamp="2024-07-10T18:09:08" hostname="dcmfttest01" tests="18" failures="6" skipped="12" errors="0" time="40">
        <properties/>
        <testcase name="loginToSwagCloud" classname="MFT.CRUDTest" time="7">
            <failure message="" type="Test failure"/>
        </testcase>
        <testcase name="verifyMFTOnSwagCloudDashboard" classname="MFT.CRUDTest" time="0">
            <skipped/>
        </testcase>
        <testcase name="NavigateToWmioMFTFromSwagCloud" classname="MFT.CRUDTest" time="0">
            <skipped/>
        </testcase>
        <testcase name="logoutFromMFTCloud" classname="MFT.CRUDTest" time="0">
            <skipped/>
        </testcase>
        <testcase name="loginToMFTCloud" classname="MFT.CRUDTest" time="7">
            <failure message="" type="Test failure"/>
        </testcase>
        <testcase name="cat_VerifyAllMFTCloudPages" classname="MFT.CRUDTest" time="0">
            <skipped/>
        </testcase>
        <testcase name="cat_NavigateToSwagCloudFromWmioMFT" classname="MFT.CRUDTest" time="0">
            <skipped/>
        </testcase>
        <testcase name="logoutFromSwagCloud" classname="MFT.CRUDTest" time="0">
            <skipped/>
        </testcase>
        <testcase name="loginToSwagCloud" classname="MFT.CRUDTest" time="0">
            <skipped/>
        </testcase>
        <testcase name="NavigateToWmioMFTFromSwagCloud" classname="MFT.CRUDTest" time="0">
            <skipped/>
        </testcase>
        <testcase name="cat_addSwagCloudUserToMFT" classname="MFT.CRUDTest" time="0">
            <failure message="" type="Test failure"/>
        </testcase>
        <testcase name="cat_VerifySwagCloudUserInMFTPortal" classname="MFT.CRUDTest" time="0">
            <skipped/>
        </testcase>
        <testcase name="cat_VerifySwagCloudUserPermissionInMFTPortal" classname="MFT.CRUDTest" time="0">
            <skipped/>
        </testcase>
        <testcase name="cat_verifyWmioIntegrationOnAppSwitcher" classname="MFT.CRUDTest" time="0">
            <skipped/>
        </testcase>
        <testcase name="cat_VerifyWmIOInScheduledAction" classname="MFT.CRUDTest" time="7">
            <failure message="" type="Test failure"/>
        </testcase>
        <testcase name="cat_VerifyWmIOInPostProcessingAction" classname="MFT.CRUDTest" time="8">
            <failure message="" type="Test failure"/>
        </testcase>
        <testcase name="cat_VerifyMeteringServer" classname="MFT.CRUDTest" time="7">
            <failure message="" type="Test failure"/>
        </testcase>
        <testcase name="cat_deleteSwagCloudUserFromMFT" classname="MFT.CRUDTest" time="0">
            <skipped/>
        </testcase>
        <system-out></system-out>
        <system-err></system-err>
    </testsuite>
    <testsuite package="MFT.CLE_Test" id="93030" name="After_Every_Suite" timestamp="2024-07-10T18:09:08" hostname="dcmfttest01" tests="1" failures="0" skipped="0" errors="0" time="0">
        <properties/>
        <system-out></system-out>
        <system-err></system-err>
    </testsuite>
    <testsuite package="MFT.MFTOnCloud" id="90971" name="After_Suite" timestamp="2024-07-10T18:09:08" hostname="dcmfttest01" tests="1" failures="0" skipped="0" errors="0" time="0">
        <properties/>
        <system-out></system-out>
        <system-err></system-err>
    </testsuite>
    <testsuite package="MFT.MFTOnCloud" id="90971" name="Before_Suite" timestamp="2024-07-10T18:09:09" hostname="dcmfttest01" tests="1" failures="0" skipped="0" errors="0" time="0">
        <properties/>
        <system-out></system-out>
        <system-err></system-err>
    </testsuite>
    <testsuite package="MFT.02_STAGE" id="93980" name="Before_Every_Suite" timestamp="2024-07-10T18:09:09" hostname="dcmfttest01" tests="1" failures="0" skipped="0" errors="0" time="0">
        <properties/>
        <system-out></system-out>
        <system-err></system-err>
    </testsuite>
    <testsuite package="MFT.SmokeTests" id="94043" name="Before_Suite" timestamp="2024-07-10T18:09:09" hostname="dcmfttest01" tests="1" failures="0" skipped="0" errors="0" time="0">
        <properties/>
        <system-out></system-out>
        <system-err></system-err>
    </testsuite>
    <testsuite package="MFT.VerifyAllPages" id="94044" name="Before_Every_Suite" timestamp="2024-07-10T18:09:09" hostname="dcmfttest01" tests="1" failures="1" skipped="0" errors="0" time="7">
        <properties/>
        <testcase name="loginToMFTUI" classname="loginToMFTUI" time="0"/>
        <testcase name="loginToMFTUI" classname="loginToMFTUI" time="7">
            <failure message="" type="Test failure"/>
        </testcase>
        <system-out></system-out>
        <system-err></system-err>
    </testsuite>
    <testsuite package="MFT" id="94044" name="VerifyAllPages" timestamp="2024-07-10T18:09:09" hostname="dcmfttest01" tests="0" failures="0" skipped="0" errors="0" time="0">
        <properties/>
        <testcase name="verifyWelcomePage" classname="MFT.VerifyAllPages" time="0">
            <skipped/>
        </testcase>
        <testcase name="verifyListenersPage" classname="MFT.VerifyAllPages" time="0">
            <skipped/>
        </testcase>
        <testcase name="verifyVFSPage" classname="MFT.VerifyAllPages" time="0">
            <skipped/>
        </testcase>
        <testcase name="verifyPostProcessingActionPage" classname="MFT.VerifyAllPages" time="0">
            <skipped/>
        </testcase>
        <testcase name="verifyScheduledActionPage" classname="MFT.VerifyAllPages" time="0">
            <skipped/>
        </testcase>
        <testcase name="verifyUsersPage" classname="MFT.VerifyAllPages" time="0">
            <skipped/>
        </testcase>
        <testcase name="verifyTemplatesPage" classname="MFT.VerifyAllPages" time="0">
            <skipped/>
        </testcase>
        <testcase name="verifyTransactionLogPage" classname="MFT.VerifyAllPages" time="0">
            <skipped/>
        </testcase>
        <testcase name="verifyActionLogPage" classname="MFT.VerifyAllPages" time="0">
            <skipped/>
        </testcase>
        <testcase name="verifyAuditLogPage" classname="MFT.VerifyAllPages" time="0">
            <skipped/>
        </testcase>
        <testcase name="verifyCertificatesPage" classname="MFT.VerifyAllPages" time="0">
            <skipped/>
        </testcase>
        <testcase name="verifyListenerPreferencesPage" classname="MFT.VerifyAllPages" time="0">
            <skipped/>
        </testcase>
        <testcase name="verifyAuditSettingsPage" classname="MFT.VerifyAllPages" time="0">
            <skipped/>
        </testcase>
        <testcase name="verifyGeneralSettingsPage_UserEmailSettings" classname="MFT.VerifyAllPages" time="0">
            <skipped/>
        </testcase>
        <testcase name="verifyGeneralSettingsPage_PasswordSettings" classname="MFT.VerifyAllPages" time="0">
            <skipped/>
        </testcase>
        <testcase name="verifyGeneralSettingsPage_MiscellaneousSettings" classname="MFT.VerifyAllPages" time="0">
            <skipped/>
        </testcase>
        <testcase name="verifyUIPermissionPage" classname="MFT.VerifyAllPages" time="0">
            <skipped/>
        </testcase>
        <testcase name="verifyDatabaseArchivalPage" classname="MFT.VerifyAllPages" time="0">
            <skipped/>
        </testcase>
        <testcase name="verifyExportAssetsPage" classname="MFT.VerifyAllPages" time="0">
            <skipped/>
        </testcase>
        <testcase name="verifyImportAssetsPage" classname="MFT.VerifyAllPages" time="0">
            <skipped/>
        </testcase>
        <testcase name="verifyDeploymentsPage" classname="MFT.VerifyAllPages" time="0">
            <skipped/>
        </testcase>
        <testcase name="verifyDeploymentLogPage" classname="MFT.VerifyAllPages" time="0">
            <skipped/>
        </testcase>
        <testcase name="verifyHelpLinks" classname="MFT.VerifyAllPages" time="0">
            <skipped/>
        </testcase>
        <testcase name="verifyAboutPage" classname="MFT.VerifyAllPages" time="0">
            <skipped/>
        </testcase>
        <testcase name="verifyAppSwitcherInCloud" classname="MFT.VerifyAllPages" time="0">
            <skipped/>
        </testcase>
        <testcase name="verifyEnvironmentSwitcherInCloud" classname="MFT.VerifyAllPages" time="0">
            <skipped/>
        </testcase>
        <testcase name="verifyAccountSettingsPage" classname="MFT.VerifyAllPages" time="0">
            <skipped/>
        </testcase>
        <testcase name="verifyProfilePage" classname="MFT.VerifyAllPages" time="0">
            <skipped/>
        </testcase>
        <testcase name="verifyLogout" classname="MFT.VerifyAllPages" time="0">
            <skipped/>
        </testcase>
        <system-out></system-out>
        <system-err></system-err>
    </testsuite>
    <testsuite package="MFT.VerifyAllPages" id="94044" name="After_Every_Suite" timestamp="2024-07-10T18:09:09" hostname="dcmfttest01" tests="1" failures="0" skipped="0" errors="0" time="0">
        <properties/>
        <system-out></system-out>
        <system-err></system-err>
    </testsuite>
    <testsuite package="MFT.SmokeTests" id="94043" name="After_Suite" timestamp="2024-07-10T18:09:09" hostname="dcmfttest01" tests="1" failures="0" skipped="0" errors="0" time="0">
        <properties/>
        <system-out></system-out>
        <system-err></system-err>
    </testsuite>
    <testsuite package="MFT.02_STAGE" id="93980" name="After_Every_Suite" timestamp="2024-07-10T18:09:09" hostname="dcmfttest01" tests="1" failures="0" skipped="0" errors="0" time="0">
        <properties/>
        <system-out></system-out>
        <system-err></system-err>
    </testsuite>
    <testsuite package="MFT.MFTOnCloud" id="90971" name="After_Suite" timestamp="2024-07-10T18:09:09" hostname="dcmfttest01" tests="1" failures="0" skipped="0" errors="0" time="0">
        <properties/>
        <system-out></system-out>
        <system-err></system-err>
    </testsuite>
    <testsuite package="MFT.MFTOnCloud" id="90971" name="Before_Suite" timestamp="2024-07-10T18:09:09" hostname="dcmfttest01" tests="1" failures="0" skipped="0" errors="0" time="0">
        <properties/>
        <system-out></system-out>
        <system-err></system-err>
    </testsuite>
    <testsuite package="MFT.02_STAGE" id="93980" name="Before_Every_Suite" timestamp="2024-07-10T18:09:09" hostname="dcmfttest01" tests="1" failures="0" skipped="0" errors="0" time="0">
        <properties/>
        <system-out></system-out>
        <system-err></system-err>
    </testsuite>
    <testsuite package="MFT.02_STAGE" id="93980" name="After_Every_Suite" timestamp="2024-07-10T18:09:09" hostname="dcmfttest01" tests="1" failures="0" skipped="0" errors="0" time="0">
        <properties/>
        <system-out></system-out>
        <system-err></system-err>
    </testsuite>
    <testsuite package="MFT.MFTOnCloud" id="90971" name="After_Suite" timestamp="2024-07-10T18:09:09" hostname="dcmfttest01" tests="1" failures="0" skipped="0" errors="0" time="0">
        <properties/>
        <system-out></system-out>
        <system-err></system-err>
    </testsuite>
</testsuites>
