<?xml version="1.0" encoding="UTF-8" standalone="yes"?>
<testsuites>
    <testsuite package="MFT.MFTOnCloud" id="90971" name="Before_Suite" timestamp="2024-07-08T15:21:14" hostname="vmntx-mft01" tests="1" failures="0" skipped="0" errors="0" time="0">
        <properties/>
        <system-out></system-out>
        <system-err></system-err>
    </testsuite>
    <testsuite package="MFT.CLE_Test" id="93030" name="Before_Every_Suite" timestamp="2024-07-08T15:21:14" hostname="vmntx-mft01" tests="1" failures="0" skipped="0" errors="0" time="0">
        <properties/>
        <system-out></system-out>
        <system-err></system-err>
    </testsuite>
    <testsuite package="MFT" id="93031" name="CRUDTest" timestamp="2024-07-08T15:21:15" hostname="vmntx-mft01" tests="18" failures="0" skipped="0" errors="0" time="739">
        <properties/>
        <testcase name="loginToSwagCloud" classname="MFT.CRUDTest" time="33"/>
        <testcase name="verifyMFTOnSwagCloudDashboard" classname="MFT.CRUDTest" time="0"/>
        <testcase name="NavigateToWmioMFTFromSwagCloud" classname="MFT.CRUDTest" time="14"/>
        <testcase name="logoutFromMFTCloud" classname="MFT.CRUDTest" time="7"/>
        <testcase name="loginToMFTCloud" classname="MFT.CRUDTest" time="28"/>
        <testcase name="cat_VerifyAllMFTCloudPages" classname="MFT.CRUDTest" time="80"/>
        <testcase name="cat_NavigateToSwagCloudFromWmioMFT" classname="MFT.CRUDTest" time="11"/>
        <testcase name="logoutFromSwagCloud" classname="MFT.CRUDTest" time="6"/>
        <testcase name="loginToSwagCloud" classname="MFT.CRUDTest" time="23"/>
        <testcase name="NavigateToWmioMFTFromSwagCloud" classname="MFT.CRUDTest" time="12"/>
        <testcase name="cat_addSwagCloudUserToMFT" classname="MFT.CRUDTest" time="17"/>
        <testcase name="cat_VerifySwagCloudUserInMFTPortal" classname="MFT.CRUDTest" time="5"/>
        <testcase name="cat_VerifySwagCloudUserPermissionInMFTPortal" classname="MFT.CRUDTest" time="13"/>
        <testcase name="cat_verifyWmioIntegrationOnAppSwitcher" classname="MFT.CRUDTest" time="53"/>
        <testcase name="cat_VerifyWmIOInScheduledAction" classname="MFT.CRUDTest" time="240"/>
        <testcase name="cat_VerifyWmIOInPostProcessingAction" classname="MFT.CRUDTest" time="125"/>
        <testcase name="cat_VerifyMeteringServer" classname="MFT.CRUDTest" time="23"/>
        <testcase name="cat_deleteSwagCloudUserFromMFT" classname="MFT.CRUDTest" time="39"/>
        <system-out></system-out>
        <system-err></system-err>
    </testsuite>
    <testsuite package="MFT.CLE_Test" id="93030" name="After_Every_Suite" timestamp="2024-07-08T15:21:15" hostname="vmntx-mft01" tests="1" failures="0" skipped="0" errors="0" time="0">
        <properties/>
        <system-out></system-out>
        <system-err></system-err>
    </testsuite>
    <testsuite package="MFT.MFTOnCloud" id="90971" name="After_Suite" timestamp="2024-07-08T15:21:15" hostname="vmntx-mft01" tests="1" failures="0" skipped="0" errors="0" time="0">
        <properties/>
        <system-out></system-out>
        <system-err></system-err>
    </testsuite>
    <testsuite package="MFT.MFTOnCloud" id="90971" name="Before_Suite" timestamp="2024-07-08T15:21:15" hostname="vmntx-mft01" tests="1" failures="0" skipped="0" errors="0" time="0">
        <properties/>
        <system-out></system-out>
        <system-err></system-err>
    </testsuite>
    <testsuite package="MFT.02_STAGE" id="93980" name="Before_Every_Suite" timestamp="2024-07-08T15:21:15" hostname="vmntx-mft01" tests="1" failures="0" skipped="0" errors="0" time="0">
        <properties/>
        <system-out></system-out>
        <system-err></system-err>
    </testsuite>
    <testsuite package="MFT.SmokeTests" id="94043" name="Before_Suite" timestamp="2024-07-08T15:21:15" hostname="vmntx-mft01" tests="1" failures="0" skipped="0" errors="0" time="0">
        <properties/>
        <system-out></system-out>
        <system-err></system-err>
    </testsuite>
    <testsuite package="MFT.VerifyAllPages" id="94044" name="Before_Every_Suite" timestamp="2024-07-08T15:21:15" hostname="vmntx-mft01" tests="1" failures="0" skipped="0" errors="0" time="23">
        <properties/>
        <testcase name="loginToMFTUI" classname="loginToMFTUI" time="0"/>
        <system-out></system-out>
        <system-err></system-err>
    </testsuite>
    <testsuite package="MFT" id="94044" name="VerifyAllPages" timestamp="2024-07-08T15:21:15" hostname="vmntx-mft01" tests="29" failures="1" skipped="0" errors="0" time="1363">
        <properties/>
        <testcase name="verifyWelcomePage" classname="MFT.VerifyAllPages" time="47"/>
        <testcase name="verifyListenersPage" classname="MFT.VerifyAllPages" time="53"/>
        <testcase name="verifyVFSPage" classname="MFT.VerifyAllPages" time="91"/>
        <testcase name="verifyPostProcessingActionPage" classname="MFT.VerifyAllPages" time="69"/>
        <testcase name="verifyScheduledActionPage" classname="MFT.VerifyAllPages" time="69"/>
        <testcase name="verifyUsersPage" classname="MFT.VerifyAllPages" time="65"/>
        <testcase name="verifyTemplatesPage" classname="MFT.VerifyAllPages" time="65"/>
        <testcase name="verifyTransactionLogPage" classname="MFT.VerifyAllPages" time="33"/>
        <testcase name="verifyActionLogPage" classname="MFT.VerifyAllPages" time="34"/>
        <testcase name="verifyAuditLogPage" classname="MFT.VerifyAllPages" time="33"/>
        <testcase name="verifyCertificatesPage" classname="MFT.VerifyAllPages" time="27"/>
        <testcase name="verifyListenerPreferencesPage" classname="MFT.VerifyAllPages" time="48"/>
        <testcase name="verifyAuditSettingsPage" classname="MFT.VerifyAllPages" time="35"/>
        <testcase name="verifyGeneralSettingsPage_UserEmailSettings" classname="MFT.VerifyAllPages" time="33"/>
        <testcase name="verifyGeneralSettingsPage_PasswordSettings" classname="MFT.VerifyAllPages" time="119">
            <failure message="Execution of CNL steps failed, Check CNL logs for root cause." type="Test failure"/>
        </testcase>
        <testcase name="verifyGeneralSettingsPage_MiscellaneousSettings" classname="MFT.VerifyAllPages" time="31"/>
        <testcase name="verifyUIPermissionPage" classname="MFT.VerifyAllPages" time="64"/>
        <testcase name="verifyDatabaseArchivalPage" classname="MFT.VerifyAllPages" time="31"/>
        <testcase name="verifyExportAssetsPage" classname="MFT.VerifyAllPages" time="33"/>
        <testcase name="verifyImportAssetsPage" classname="MFT.VerifyAllPages" time="28"/>
        <testcase name="verifyDeploymentsPage" classname="MFT.VerifyAllPages" time="61"/>
        <testcase name="verifyDeploymentLogPage" classname="MFT.VerifyAllPages" time="30"/>
        <testcase name="verifyHelpLinks" classname="MFT.VerifyAllPages" time="31"/>
        <testcase name="verifyAboutPage" classname="MFT.VerifyAllPages" time="32"/>
        <testcase name="verifyAppSwitcherInCloud" classname="MFT.VerifyAllPages" time="26"/>
        <testcase name="verifyEnvironmentSwitcherInCloud" classname="MFT.VerifyAllPages" time="23"/>
        <testcase name="verifyAccountSettingsPage" classname="MFT.VerifyAllPages" time="42"/>
        <testcase name="verifyProfilePage" classname="MFT.VerifyAllPages" time="67"/>
        <testcase name="verifyLogout" classname="MFT.VerifyAllPages" time="29"/>
        <system-out></system-out>
        <system-err></system-err>
    </testsuite>
    <testsuite package="MFT.VerifyAllPages" id="94044" name="After_Every_Suite" timestamp="2024-07-08T15:21:15" hostname="vmntx-mft01" tests="1" failures="0" skipped="0" errors="0" time="0">
        <properties/>
        <system-out></system-out>
        <system-err></system-err>
    </testsuite>
    <testsuite package="MFT.SmokeTests" id="94043" name="After_Suite" timestamp="2024-07-08T15:21:15" hostname="vmntx-mft01" tests="1" failures="0" skipped="0" errors="0" time="0">
        <properties/>
        <system-out></system-out>
        <system-err></system-err>
    </testsuite>
    <testsuite package="MFT.02_STAGE" id="93980" name="After_Every_Suite" timestamp="2024-07-08T15:21:15" hostname="vmntx-mft01" tests="1" failures="0" skipped="0" errors="0" time="0">
        <properties/>
        <system-out></system-out>
        <system-err></system-err>
    </testsuite>
    <testsuite package="MFT.MFTOnCloud" id="90971" name="After_Suite" timestamp="2024-07-08T15:21:15" hostname="vmntx-mft01" tests="1" failures="0" skipped="0" errors="0" time="0">
        <properties/>
        <system-out></system-out>
        <system-err></system-err>
    </testsuite>
</testsuites>
