<?xml version="1.0" encoding="UTF-8" standalone="yes"?>
<testsuites>
    <testsuite package="MFT.MFTOnCloud" id="90971" name="Before_Suite" timestamp="2024-07-22T16:24:36" hostname="dcmfttest01" tests="1" failures="0" skipped="0" errors="0" time="0">
        <properties/>
        <system-out></system-out>
        <system-err></system-err>
    </testsuite>
    <testsuite package="MFT.02_STAGE" id="93980" name="Before_Every_Suite" timestamp="2024-07-22T16:24:36" hostname="dcmfttest01" tests="1" failures="0" skipped="0" errors="0" time="0">
        <properties/>
        <system-out></system-out>
        <system-err></system-err>
    </testsuite>
    <testsuite package="MFT.SmokeTests" id="94043" name="Before_Suite" timestamp="2024-07-22T16:24:36" hostname="dcmfttest01" tests="1" failures="0" skipped="0" errors="0" time="0">
        <properties/>
        <system-out></system-out>
        <system-err></system-err>
    </testsuite>
    <testsuite package="MFT.VerifyAllPages" id="94044" name="Before_Every_Suite" timestamp="2024-07-22T16:24:36" hostname="dcmfttest01" tests="1" failures="0" skipped="0" errors="0" time="26">
        <properties/>
        <testcase name="loginToMFTUI" classname="loginToMFTUI" time="0"/>
        <system-out></system-out>
        <system-err></system-err>
    </testsuite>
    <testsuite package="MFT" id="94044" name="VerifyAllPages" timestamp="2024-07-22T16:24:36" hostname="dcmfttest01" tests="29" failures="0" skipped="0" errors="0" time="1177">
        <properties/>
        <testcase name="verifyWelcomePage" classname="MFT.VerifyAllPages" time="38"/>
        <testcase name="verifyListenersPage" classname="MFT.VerifyAllPages" time="43"/>
        <testcase name="verifyVFSPage" classname="MFT.VerifyAllPages" time="42"/>
        <testcase name="verifyPostProcessingActionPage" classname="MFT.VerifyAllPages" time="70"/>
        <testcase name="verifyScheduledActionPage" classname="MFT.VerifyAllPages" time="69"/>
        <testcase name="verifyUsersPage" classname="MFT.VerifyAllPages" time="63"/>
        <testcase name="verifyTemplatesPage" classname="MFT.VerifyAllPages" time="58"/>
        <testcase name="verifyTransactionLogPage" classname="MFT.VerifyAllPages" time="36"/>
        <testcase name="verifyActionLogPage" classname="MFT.VerifyAllPages" time="36"/>
        <testcase name="verifyAuditLogPage" classname="MFT.VerifyAllPages" time="35"/>
        <testcase name="verifyCertificatesPage" classname="MFT.VerifyAllPages" time="29"/>
        <testcase name="verifyListenerPreferencesPage" classname="MFT.VerifyAllPages" time="52"/>
        <testcase name="verifyAuditSettingsPage" classname="MFT.VerifyAllPages" time="37"/>
        <testcase name="verifyGeneralSettingsPage_UserEmailSettings" classname="MFT.VerifyAllPages" time="31"/>
        <testcase name="verifyGeneralSettingsPage_PasswordSettings" classname="MFT.VerifyAllPages" time="39"/>
        <testcase name="verifyGeneralSettingsPage_MiscellaneousSettings" classname="MFT.VerifyAllPages" time="31"/>
        <testcase name="verifyUIPermissionPage" classname="MFT.VerifyAllPages" time="58"/>
        <testcase name="verifyDatabaseArchivalPage" classname="MFT.VerifyAllPages" time="32"/>
        <testcase name="verifyExportAssetsPage" classname="MFT.VerifyAllPages" time="33"/>
        <testcase name="verifyImportAssetsPage" classname="MFT.VerifyAllPages" time="28"/>
        <testcase name="verifyDeploymentsPage" classname="MFT.VerifyAllPages" time="64"/>
        <testcase name="verifyDeploymentLogPage" classname="MFT.VerifyAllPages" time="33"/>
        <testcase name="verifyHelpLinks" classname="MFT.VerifyAllPages" time="29"/>
        <testcase name="verifyAboutPage" classname="MFT.VerifyAllPages" time="30"/>
        <testcase name="verifyAppSwitcherInCloud" classname="MFT.VerifyAllPages" time="25"/>
        <testcase name="verifyEnvironmentSwitcherInCloud" classname="MFT.VerifyAllPages" time="25"/>
        <testcase name="verifyAccountSettingsPage" classname="MFT.VerifyAllPages" time="37"/>
        <testcase name="verifyProfilePage" classname="MFT.VerifyAllPages" time="29"/>
        <testcase name="verifyLogout" classname="MFT.VerifyAllPages" time="30"/>
        <system-out></system-out>
        <system-err></system-err>
    </testsuite>
    <testsuite package="MFT.VerifyAllPages" id="94044" name="After_Every_Suite" timestamp="2024-07-22T16:24:37" hostname="dcmfttest01" tests="1" failures="0" skipped="0" errors="0" time="0">
        <properties/>
        <system-out></system-out>
        <system-err></system-err>
    </testsuite>
    <testsuite package="MFT.SmokeTests" id="94043" name="After_Suite" timestamp="2024-07-22T16:24:37" hostname="dcmfttest01" tests="1" failures="0" skipped="0" errors="0" time="0">
        <properties/>
        <system-out></system-out>
        <system-err></system-err>
    </testsuite>
    <testsuite package="MFT.02_STAGE" id="93980" name="After_Every_Suite" timestamp="2024-07-22T16:24:37" hostname="dcmfttest01" tests="1" failures="0" skipped="0" errors="0" time="0">
        <properties/>
        <system-out></system-out>
        <system-err></system-err>
    </testsuite>
    <testsuite package="MFT.MFTOnCloud" id="90971" name="After_Suite" timestamp="2024-07-22T16:24:37" hostname="dcmfttest01" tests="1" failures="0" skipped="0" errors="0" time="0">
        <properties/>
        <system-out></system-out>
        <system-err></system-err>
    </testsuite>
</testsuites>
